Checking Active Users...
-----------------------------------
aisha    seat0        2025-02-18 10:45 (login screen)
aisha    tty2         2025-02-18 10:45 (tty2)
-----------------------------------
Feb 18 10:44:43 aisha-HP-250-G6-Notebook-PC systemd-logind[938]: Session 2 logged out. Waiting for processes to exit.
Feb 18 10:44:43 aisha-HP-250-G6-Notebook-PC systemd-logind[938]: Removed session 2.
Feb 18 10:44:43 aisha-HP-250-G6-Notebook-PC systemd-logind[938]: New session c2 of user gdm.
Feb 18 10:44:43 aisha-HP-250-G6-Notebook-PC systemd-logind[938]: New session 4 of user gdm.
Feb 18 10:44:53 aisha-HP-250-G6-Notebook-PC systemd-logind[938]: Removed session 3.
Feb 18 10:44:59 aisha-HP-250-G6-Notebook-PC systemd-logind[938]: New session 5 of user aisha.
Feb 18 10:44:59 aisha-HP-250-G6-Notebook-PC systemd-logind[938]: New session 6 of user aisha.
Feb 18 10:45:05 aisha-HP-250-G6-Notebook-PC systemd-logind[938]: Session c2 logged out. Waiting for processes to exit.
Feb 18 10:45:05 aisha-HP-250-G6-Notebook-PC systemd-logind[938]: Removed session c2.
Feb 18 10:45:16 aisha-HP-250-G6-Notebook-PC systemd-logind[938]: Removed session 4.
-----------------------------------
ALERT: Root login detected!
Setting up cron job for automation...
Checking Active Users...
-----------------------------------
aisha    seat0        2025-02-18 10:45 (login screen)
aisha    tty2         2025-02-18 10:45 (tty2)
-----------------------------------
Feb 18 10:44:43 aisha-HP-250-G6-Notebook-PC systemd-logind[938]: New session c2 of user gdm.
Feb 18 10:44:43 aisha-HP-250-G6-Notebook-PC systemd-logind[938]: New session 4 of user gdm.
Feb 18 10:44:53 aisha-HP-250-G6-Notebook-PC systemd-logind[938]: Removed session 3.
Feb 18 10:44:59 aisha-HP-250-G6-Notebook-PC systemd-logind[938]: New session 5 of user aisha.
Feb 18 10:44:59 aisha-HP-250-G6-Notebook-PC systemd-logind[938]: New session 6 of user aisha.
Feb 18 10:45:05 aisha-HP-250-G6-Notebook-PC systemd-logind[938]: Session c2 logged out. Waiting for processes to exit.
Feb 18 10:45:05 aisha-HP-250-G6-Notebook-PC systemd-logind[938]: Removed session c2.
Feb 18 10:45:16 aisha-HP-250-G6-Notebook-PC systemd-logind[938]: Removed session 4.
Feb 18 12:00:45 aisha-HP-250-G6-Notebook-PC systemd-logind[938]: The system will suspend now!
Feb 18 12:16:41 aisha-HP-250-G6-Notebook-PC systemd-logind[938]: Operation 'suspend' finished.
-----------------------------------
ALERT: Root login detected!
Setting up cron job for automation...
Checking Active Users...
-----------------------------------
aisha    seat0        2025-02-18 10:45 (login screen)
aisha    tty2         2025-02-18 10:45 (tty2)
-----------------------------------
Feb 18 10:44:53 aisha-HP-250-G6-Notebook-PC systemd-logind[938]: Removed session 3.
Feb 18 10:44:59 aisha-HP-250-G6-Notebook-PC systemd-logind[938]: New session 5 of user aisha.
Feb 18 10:44:59 aisha-HP-250-G6-Notebook-PC systemd-logind[938]: New session 6 of user aisha.
Feb 18 10:45:05 aisha-HP-250-G6-Notebook-PC systemd-logind[938]: Session c2 logged out. Waiting for processes to exit.
Feb 18 10:45:05 aisha-HP-250-G6-Notebook-PC systemd-logind[938]: Removed session c2.
Feb 18 10:45:16 aisha-HP-250-G6-Notebook-PC systemd-logind[938]: Removed session 4.
Feb 18 12:00:45 aisha-HP-250-G6-Notebook-PC systemd-logind[938]: The system will suspend now!
Feb 18 12:16:41 aisha-HP-250-G6-Notebook-PC systemd-logind[938]: Operation 'suspend' finished.
Feb 18 13:05:30 aisha-HP-250-G6-Notebook-PC systemd-logind[938]: The system will suspend now!
Feb 18 13:08:58 aisha-HP-250-G6-Notebook-PC systemd-logind[938]: Operation 'suspend' finished.
-----------------------------------
ALERT: Root login detected!
